Run: 0
Training model...
Evaluation model...
Evaluating attack...
Run: 1
Training model...
Evaluation model...
Evaluating attack...
Run: 2
Training model...
Evaluation model...
Evaluating attack...
Run: 3
Training model...
Evaluation model...
Evaluating attack...
Run: 4
Training model...
Evaluation model...
Evaluating attack...
Run: 5
Training model...
Evaluation model...
Evaluating attack...
Run: 6
Training model...
Evaluation model...
Evaluating attack...
Run: 7
Training model...
Evaluation model...
Evaluating attack...
Run: 8
Training model...
Evaluation model...
Evaluating attack...
Run: 9
Training model...
Evaluation model...
Evaluating attack...
========================
Mean Accuracy on ID data: 96.6714 +/- 0.4487
Mean Coverage on ID data: 63.8450 +/- 2.7515
Mean Delta on ID data: 1.2840 +/- 0.5216
Mean Delta below threshold on ID data: -4.6703 +/- 0.1751
Mean Delta above threshold on ID data: 4.6472 +/- 0.3383
========================
Mean Coverage on OOD data: 17.7300 +/- 2.7220
Mean Delta on OOD data: -4.6769 +/- 0.5016
Mean Delta below threshold on OOD data: -6.1851 +/- 0.3171
Mean Delta above threshold on OOD data: 2.3421 +/- 0.1389
========================
Mean Coverage on ADV data: 14.1025 +/- 4.0480
Mean Delta on ADV data: -3.9319 +/- 0.5580
Mean Delta below threshold on ADV data: -4.8150 +/- 0.3364
Mean Delta above threshold on ADV data: 1.5062 +/- 0.1253
Mean Perturbation on ADV data: 0.1000 +/- 0.0000
========================
Mean Training Time: 730.9127 seconds +/- 9.0883
Mean Evaluation Time: 1.3988 seconds +/- 0.0275
========================
Saving results...

============================
 Job utilisation efficiency
============================

Job ID: 18383578
Cluster: viking2.yor.alces.network
User/Group: dab567/clusterusers
State: COMPLETED (exit code 0)
Nodes: 1
Cores per node: 32
CPU Utilized: 03:06:21
CPU Efficiency: 4.10% of 3-03:48:16 core-walltime
Job Wall-clock time: 02:22:08
Memory Utilized: 26.95 GB
Memory Efficiency: 16.23% of 166.00 GB
 Requested wall clock time: 06:00:00
    Actual wall clock time: 02:22:08
Wall clock time efficiency: 39.5%
           Job queued time: 00:04:38
