Run: 0
Training model...
Evaluation model...
Evaluating attack...
Run: 1
Training model...
Evaluation model...
Evaluating attack...
Run: 2
Training model...
Evaluation model...
Evaluating attack...
Run: 3
Training model...
Evaluation model...
Evaluating attack...
Run: 4
Training model...
Evaluation model...
Evaluating attack...
Run: 5
Training model...
Evaluation model...
Evaluating attack...
Run: 6
Training model...
Evaluation model...
Evaluating attack...
Run: 7
Training model...
Evaluation model...
Evaluating attack...
Run: 8
Training model...
Evaluation model...
Evaluating attack...
Run: 9
Training model...
Evaluation model...
Evaluating attack...
========================
Mean Accuracy on ID data: 99.9879 +/- 0.0153
Mean Coverage on ID data: 92.1038 +/- 1.5781
Mean Delta on ID data: 2.1122 +/- 0.3036
Mean Delta below threshold on ID data: -3.4958 +/- 0.3876
Mean Delta above threshold on ID data: 2.5832 +/- 0.2609
========================
Mean Coverage on OOD data: 1.9175 +/- 0.4115
Mean Delta on OOD data: -10.1072 +/- 0.2994
Mean Delta below threshold on OOD data: -10.3417 +/- 0.2931
Mean Delta above threshold on OOD data: 1.8662 +/- 0.2063
========================
Mean Coverage on ADV data: 22.3750 +/- 4.8957
Mean Delta on ADV data: -5.0032 +/- 0.6304
Mean Delta below threshold on ADV data: -7.0212 +/- 0.4381
Mean Delta above threshold on ADV data: 1.9912 +/- 0.1770
Mean Perturbation on ADV data: 0.9921 +/- 0.0052
========================
Mean Training Time: 821.4478 seconds +/- 7.3424
Mean Evaluation Time: 32.3344 seconds +/- 2.1127
========================
Saving results...

============================
 Job utilisation efficiency
============================

Job ID: 18732881
Cluster: viking2.yor.alces.network
User/Group: dab567/clusterusers
State: COMPLETED (exit code 0)
Nodes: 1
Cores per node: 32
CPU Utilized: 03:27:20
CPU Efficiency: 3.90% of 3-16:30:56 core-walltime
Job Wall-clock time: 02:45:58
Memory Utilized: 16.30 GB
Memory Efficiency: 9.82% of 166.00 GB
 Requested wall clock time: 06:00:00
    Actual wall clock time: 02:45:58
Wall clock time efficiency: 46.1%
           Job queued time: 09:34:21
