Run: 0
Training model...
Evaluation model...
Evaluating attack...
Run: 1
Training model...
Evaluation model...
Evaluating attack...
Run: 2
Training model...
Evaluation model...
Evaluating attack...
Run: 3
Training model...
Evaluation model...
Evaluating attack...
Run: 4
Training model...
Evaluation model...
Evaluating attack...
Run: 5
Training model...
Evaluation model...
Evaluating attack...
Run: 6
Training model...
Evaluation model...
Evaluating attack...
Run: 7
Training model...
Evaluation model...
Evaluating attack...
Run: 8
Training model...
Evaluation model...
Evaluating attack...
Run: 9
Training model...
Evaluation model...
Evaluating attack...
========================
Mean Accuracy on ID data: 99.7766 +/- 0.1520
Mean Coverage on ID data: 64.7802 +/- 2.5147
Mean Delta on ID data: -10.5977 +/- 7.5458
Mean Delta below threshold on ID data: -96.4978 +/- 5.5125
Mean Delta above threshold on ID data: 35.9237 +/- 6.0103
========================
Mean Coverage on OOD data: 2.3358 +/- 1.6408
Mean Delta on OOD data: -62.8605 +/- 5.0552
Mean Delta below threshold on OOD data: -64.4938 +/- 4.6276
Mean Delta above threshold on OOD data: 6.1807 +/- 1.2026
========================
Mean Coverage on ADV data: 1.2479 +/- 0.7823
Mean Delta on ADV data: -68.6663 +/- 7.3415
Mean Delta below threshold on ADV data: -69.5944 +/- 7.1745
Mean Delta above threshold on ADV data: 5.5674 +/- 1.8632
Mean Perturbation on ADV data: 0.1000 +/- 0.0000
========================
Mean Training Time: 385.4102 seconds +/- 1.6903
Mean Evaluation Time: 1.1524 seconds +/- 0.0661
========================
Saving results...

============================
 Job utilisation efficiency
============================

Job ID: 18865708
Cluster: viking2.yor.alces.network
User/Group: dab567/clusterusers
State: COMPLETED (exit code 0)
Nodes: 1
Cores per node: 16
CPU Utilized: 01:50:42
CPU Efficiency: 7.27% of 1-01:23:44 core-walltime
Job Wall-clock time: 01:35:14
Memory Utilized: 27.54 GB
Memory Efficiency: 27.54% of 100.00 GB
 Requested wall clock time: 06:00:00
    Actual wall clock time: 01:35:14
Wall clock time efficiency: 26.5%
           Job queued time: 03:25:58
