Run: 0
Training model...
Evaluation model...
Evaluating attack...
Run: 1
Training model...
Evaluation model...
Evaluating attack...
Run: 2
Training model...
Evaluation model...
Evaluating attack...
Run: 3
Training model...
Evaluation model...
Evaluating attack...
Run: 4
Training model...
Evaluation model...
Evaluating attack...
Run: 5
Training model...
Evaluation model...
Evaluating attack...
Run: 6
Training model...
Evaluation model...
Evaluating attack...
Run: 7
Training model...
Evaluation model...
Evaluating attack...
Run: 8
Training model...
Evaluation model...
Evaluating attack...
Run: 9
Training model...
Evaluation model...
Evaluating attack...
========================
Mean Accuracy on ID data: 96.6596 +/- 0.6990
Mean Coverage on ID data: 63.3325 +/- 3.8865
Mean Delta on ID data: 1.2100 +/- 0.8093
Mean Delta below threshold on ID data: -4.7218 +/- 0.2897
Mean Delta above threshold on ID data: 4.6277 +/- 0.5451
========================
Mean Coverage on OOD data: 17.2450 +/- 4.0147
Mean Delta on OOD data: -4.8246 +/- 0.7742
Mean Delta below threshold on OOD data: -6.3074 +/- 0.4737
Mean Delta above threshold on OOD data: 2.3348 +/- 0.2847
========================
Mean Coverage on ADV data: 14.0200 +/- 5.0593
Mean Delta on ADV data: -3.9333 +/- 0.6766
Mean Delta below threshold on ADV data: -4.8015 +/- 0.4004
Mean Delta above threshold on ADV data: 1.4692 +/- 0.1838
Mean Perturbation on ADV data: 0.1000 +/- 0.0000
========================
Mean Training Time: 734.5144 seconds +/- 9.8134
Mean Evaluation Time: 1.4294 seconds +/- 0.0592
========================
Saving results...

============================
 Job utilisation efficiency
============================

Job ID: 18380774
Cluster: viking2.yor.alces.network
User/Group: dab567/clusterusers
State: COMPLETED (exit code 0)
Nodes: 1
Cores per node: 32
CPU Utilized: 03:06:15
CPU Efficiency: 4.08% of 3-04:08:32 core-walltime
Job Wall-clock time: 02:22:46
Memory Utilized: 26.12 GB
Memory Efficiency: 15.74% of 166.00 GB
 Requested wall clock time: 06:00:00
    Actual wall clock time: 02:22:46
Wall clock time efficiency: 39.7%
           Job queued time: 01:33:44
