Run: 0
Training model...
Evaluation model...
Evaluating attack...
Run: 1
Training model...
Evaluation model...
Evaluating attack...
Run: 2
Training model...
Evaluation model...
Evaluating attack...
Run: 3
Training model...
Evaluation model...
Evaluating attack...
Run: 4
Training model...
Evaluation model...
Evaluating attack...
Run: 5
Training model...
Evaluation model...
Evaluating attack...
Run: 6
Training model...
Evaluation model...
Evaluating attack...
Run: 7
Training model...
Evaluation model...
Evaluating attack...
Run: 8
Training model...
Evaluation model...
Evaluating attack...
Run: 9
Training model...
Evaluation model...
Evaluating attack...
========================
Mean Accuracy on ID data: 96.1724 +/- 0.3638
Mean Coverage on ID data: 62.9088 +/- 2.7138
Mean Delta on ID data: 1.5972 +/- 0.4885
Mean Delta below threshold on ID data: -4.6795 +/- 0.2216
Mean Delta above threshold on ID data: 5.2951 +/- 0.2535
========================
Mean Coverage on OOD data: 17.7312 +/- 2.4214
Mean Delta on OOD data: -4.6687 +/- 0.4956
Mean Delta below threshold on OOD data: -6.2385 +/- 0.3317
Mean Delta above threshold on OOD data: 2.6454 +/- 0.1007
========================
Mean Coverage on ADV data: 12.3012 +/- 2.7070
Mean Delta on ADV data: -4.3896 +/- 0.5104
Mean Delta below threshold on ADV data: -5.2438 +/- 0.3599
Mean Delta above threshold on ADV data: 1.7641 +/- 0.0576
Mean Perturbation on ADV data: 0.1000 +/- 0.0000
========================
Mean Training Time: 728.7233 seconds +/- 8.1480
Mean Evaluation Time: 1.4123 seconds +/- 0.0691
========================
Saving results...

============================
 Job utilisation efficiency
============================

Job ID: 18379549
Cluster: viking2.yor.alces.network
User/Group: dab567/clusterusers
State: COMPLETED (exit code 0)
Nodes: 1
Cores per node: 32
CPU Utilized: 03:05:00
CPU Efficiency: 4.08% of 3-03:34:56 core-walltime
Job Wall-clock time: 02:21:43
Memory Utilized: 26.70 GB
Memory Efficiency: 16.08% of 166.00 GB
 Requested wall clock time: 06:00:00
    Actual wall clock time: 02:21:43
Wall clock time efficiency: 39.4%
           Job queued time: 00:00:16
