Run: 0
Training model...
Evaluation model...
Evaluating attack...
Run: 1
Training model...
Evaluation model...
Evaluating attack...
Run: 2
Training model...
Evaluation model...
Evaluating attack...
Run: 3
Training model...
Evaluation model...
Evaluating attack...
Run: 4
Training model...
Evaluation model...
Evaluating attack...
Run: 5
Training model...
Evaluation model...
Evaluating attack...
Run: 6
Training model...
Evaluation model...
Evaluating attack...
Run: 7
Training model...
Evaluation model...
Evaluating attack...
Run: 8
Training model...
Evaluation model...
Evaluating attack...
Run: 9
Training model...
Evaluation model...
Evaluating attack...
========================
Mean Accuracy on ID data: 96.6918 +/- 0.5364
Mean Coverage on ID data: 63.1275 +/- 2.3526
Mean Delta on ID data: 1.1197 +/- 0.4525
Mean Delta below threshold on ID data: -4.8139 +/- 0.1844
Mean Delta above threshold on ID data: 4.5808 +/- 0.2913
========================
Mean Coverage on OOD data: 17.4788 +/- 2.5632
Mean Delta on OOD data: -4.8309 +/- 0.4856
Mean Delta below threshold on OOD data: -6.3345 +/- 0.3174
Mean Delta above threshold on OOD data: 2.2875 +/- 0.1501
========================
Mean Coverage on ADV data: 7.7250 +/- 1.8841
Mean Delta on ADV data: -4.9706 +/- 0.4329
Mean Delta below threshold on ADV data: -5.5142 +/- 0.3235
Mean Delta above threshold on ADV data: 1.5840 +/- 0.0754
Mean Perturbation on ADV data: 0.1000 +/- 0.0000
========================
Mean Training Time: 733.1171 seconds +/- 8.8642
Mean Evaluation Time: 151.1794 seconds +/- 10.2193
========================
Saving results...

============================
 Job utilisation efficiency
============================

Job ID: 18384246
Cluster: viking2.yor.alces.network
User/Group: dab567/clusterusers
State: COMPLETED (exit code 0)
Nodes: 1
Cores per node: 32
CPU Utilized: 03:51:25
CPU Efficiency: 3.89% of 4-03:06:40 core-walltime
Job Wall-clock time: 03:05:50
Memory Utilized: 44.52 GB
Memory Efficiency: 26.82% of 166.00 GB
 Requested wall clock time: 06:00:00
    Actual wall clock time: 03:05:50
Wall clock time efficiency: 51.6%
           Job queued time: 05:35:34
